<?xml version="1.0" encoding="UTF-8" ?>
<testsuite failures="0" time="0.458" errors="0" skipped="0" tests="75" name="net.sourceforge.pmd.stat.StatisticalRuleTest">
  <properties>
[...]
</properties>
  <testcase time="0.007" classname="net.sourceforge.pmd.stat.StatisticalRuleTest" name="testMetrics"/>
  <testcase time="0.007" classname="net.sourceforge.pmd.stat.StatisticalRuleTest" name="testS3"/>
  <testcase time="0.004" classname="net.sourceforge.pmd.stat.StatisticalRuleTest" name="testS5"/>
  <testcase time="0.006" classname="net.sourceforge.pmd.stat.StatisticalRuleTest" name="testT"/>
  <testcase time="0.005" classname="net.sourceforge.pmd.stat.StatisticalRuleTest" name="testS1"/>
  <testcase time="0.005" classname="net.sourceforge.pmd.stat.StatisticalRuleTest" name="testS4"/>
  <testcase time="0.005" classname="net.sourceforge.pmd.stat.StatisticalRuleTest" name="testS"/>
  <testcase time="0.006" classname="net.sourceforge.pmd.stat.StatisticalRuleTest" name="testS2"/>
  <testcase time="0.007" classname="net.sourceforge.pmd.stat.StatisticalRuleTest" name="testT1"/>
  <testcase time="0.006" classname="net.sourceforge.pmd.stat.StatisticalRuleTest" name="testT2"/>
  <testcase time="0.01" classname="net.sourceforge.pmd.stat.StatisticalRuleTest" name="testT3"/>
  <testcase time="0.018" classname="net.sourceforge.pmd.stat.StatisticalRuleTest" name="testT4"/>
  <testcase time="0.007" classname="net.sourceforge.pmd.stat.StatisticalRuleTest" name="testMS3"/>
  <testcase time="0.006" classname="net.sourceforge.pmd.stat.StatisticalRuleTest" name="testST4"/>
  <testcase time="0.005" classname="net.sourceforge.pmd.stat.StatisticalRuleTest" name="testSTM1"/>
  <testcase time="0.006" classname="net.sourceforge.pmd.stat.StatisticalRuleTest" name="testSTM3"/>
  <testcase time="0.006" classname="net.sourceforge.pmd.stat.StatisticalRuleTest" name="testSMT2"/>
  <testcase time="0.006" classname="net.sourceforge.pmd.stat.StatisticalRuleTest" name="testMS4"/>
  <testcase time="0.006" classname="net.sourceforge.pmd.stat.StatisticalRuleTest" name="testSMT3"/>
  <testcase time="0.007" classname="net.sourceforge.pmd.stat.StatisticalRuleTest" name="testMT3"/>
  <testcase time="0.006" classname="net.sourceforge.pmd.stat.StatisticalRuleTest" name="testSMT5"/>
  <testcase time="0.006" classname="net.sourceforge.pmd.stat.StatisticalRuleTest" name="testM4"/>
  <testcase time="0.006" classname="net.sourceforge.pmd.stat.StatisticalRuleTest" name="testTM1"/>
  <testcase time="0.006" classname="net.sourceforge.pmd.stat.StatisticalRuleTest" name="testSTM5"/>
  <testcase time="0.005" classname="net.sourceforge.pmd.stat.StatisticalRuleTest" name="testTS"/>
  <testcase time="0.008" classname="net.sourceforge.pmd.stat.StatisticalRuleTest" name="testM"/>
  <testcase time="0.011" classname="net.sourceforge.pmd.stat.StatisticalRuleTest" name="testM5"/>
  <testcase time="0.012" classname="net.sourceforge.pmd.stat.StatisticalRuleTest" name="testTS5"/>
  <testcase time="0.011" classname="net.sourceforge.pmd.stat.StatisticalRuleTest" name="testSMT4"/>
  <testcase time="0.009" classname="net.sourceforge.pmd.stat.StatisticalRuleTest" name="testSTM"/>
  <testcase time="0.01" classname="net.sourceforge.pmd.stat.StatisticalRuleTest" name="testTM"/>
  <testcase time="0.011" classname="net.sourceforge.pmd.stat.StatisticalRuleTest" name="testTM3"/>
  <testcase time="0.013" classname="net.sourceforge.pmd.stat.StatisticalRuleTest" name="testM1"/>
  <testcase time="0.012" classname="net.sourceforge.pmd.stat.StatisticalRuleTest" name="testST3"/>
  <testcase time="0.011" classname="net.sourceforge.pmd.stat.StatisticalRuleTest" name="testTS1"/>
  <testcase time="0.01" classname="net.sourceforge.pmd.stat.StatisticalRuleTest" name="testMT"/>
  <testcase time="0.014" classname="net.sourceforge.pmd.stat.StatisticalRuleTest" name="testMT4"/>
  <testcase time="0.006" classname="net.sourceforge.pmd.stat.StatisticalRuleTest" name="testM3"/>
  <testcase time="0.005" classname="net.sourceforge.pmd.stat.StatisticalRuleTest" name="testTM5"/>
  <testcase time="0.005" classname="net.sourceforge.pmd.stat.StatisticalRuleTest" name="testTMS"/>
  <testcase time="0.006" classname="net.sourceforge.pmd.stat.StatisticalRuleTest" name="testTM2"/>
  <testcase time="0.006" classname="net.sourceforge.pmd.stat.StatisticalRuleTest" name="testSM5"/>
  <testcase time="0.005" classname="net.sourceforge.pmd.stat.StatisticalRuleTest" name="testTM4"/>
  <testcase time="0.006" classname="net.sourceforge.pmd.stat.StatisticalRuleTest" name="testMT5"/>
  <testcase time="0.005" classname="net.sourceforge.pmd.stat.StatisticalRuleTest" name="testSTM4"/>
  <testcase time="0.006" classname="net.sourceforge.pmd.stat.StatisticalRuleTest" name="testSMT1"/>
  <testcase time="0.006" classname="net.sourceforge.pmd.stat.StatisticalRuleTest" name="testMS5"/>
  <testcase time="0.006" classname="net.sourceforge.pmd.stat.StatisticalRuleTest" name="testTMS1"/>
  <testcase time="0.005" classname="net.sourceforge.pmd.stat.StatisticalRuleTest" name="testTMS2"/>
  <testcase time="0.004" classname="net.sourceforge.pmd.stat.StatisticalRuleTest" name="testTS2"/>
  <testcase time="0.002" classname="net.sourceforge.pmd.stat.StatisticalRuleTest" name="testST1"/>
  <testcase time="0.003" classname="net.sourceforge.pmd.stat.StatisticalRuleTest" name="testM2"/>
  <testcase time="0.006" classname="net.sourceforge.pmd.stat.StatisticalRuleTest" name="testST2"/>
  <testcase time="0.002" classname="net.sourceforge.pmd.stat.StatisticalRuleTest" name="testTS3"/>
  <testcase time="0.003" classname="net.sourceforge.pmd.stat.StatisticalRuleTest" name="testST5"/>
  <testcase time="0.003" classname="net.sourceforge.pmd.stat.StatisticalRuleTest" name="testTS4"/>
  <testcase time="0.003" classname="net.sourceforge.pmd.stat.StatisticalRuleTest" name="testSM1"/>
  <testcase time="0.003" classname="net.sourceforge.pmd.stat.StatisticalRuleTest" name="testSM4"/>
  <testcase time="0.003" classname="net.sourceforge.pmd.stat.StatisticalRuleTest" name="testMS2"/>
  <testcase time="0.003" classname="net.sourceforge.pmd.stat.StatisticalRuleTest" name="testSTM2"/>
  <testcase time="0.003" classname="net.sourceforge.pmd.stat.StatisticalRuleTest" name="testMT1"/>
  <testcase time="0.003" classname="net.sourceforge.pmd.stat.StatisticalRuleTest" name="testSM"/>
  <testcase time="0.003" classname="net.sourceforge.pmd.stat.StatisticalRuleTest" name="testSM3"/>
  <testcase time="0.003" classname="net.sourceforge.pmd.stat.StatisticalRuleTest" name="testMS1"/>
  <testcase time="0.004" classname="net.sourceforge.pmd.stat.StatisticalRuleTest" name="testT5"/>
  <testcase time="0.003" classname="net.sourceforge.pmd.stat.StatisticalRuleTest" name="testMT2"/>
  <testcase time="0.003" classname="net.sourceforge.pmd.stat.StatisticalRuleTest" name="testSMT"/>
  <testcase time="0.003" classname="net.sourceforge.pmd.stat.StatisticalRuleTest" name="testST"/>
  <testcase time="0.006" classname="net.sourceforge.pmd.stat.StatisticalRuleTest" name="testMS"/>
  <testcase time="0.006" classname="net.sourceforge.pmd.stat.StatisticalRuleTest" name="testSM2"/>
  <testcase time="0.006" classname="net.sourceforge.pmd.stat.StatisticalRuleTest" name="testTMS4"/>
  <testcase time="0.005" classname="net.sourceforge.pmd.stat.StatisticalRuleTest" name="testTMS3"/>
  <testcase time="0.005" classname="net.sourceforge.pmd.stat.StatisticalRuleTest" name="testTMS5"/>
  <testcase time="0.003" classname="net.sourceforge.pmd.stat.StatisticalRuleTest" name="testExpectedMinimum"/>
  <testcase time="0.004" classname="net.sourceforge.pmd.stat.StatisticalRuleTest" name="testSingleDatapoint"/>
</testsuite>